<?xml version="1.0" encoding="UTF-8"?>
<!-- Generated by org.testng.reporters.JUnitReportReporter -->
<testsuite hostname="HARI-PC" name="grid.Test5" tests="1" failures="0" timestamp="26 Jan 2016 08:42:36 GMT" time="19.163" errors="0">
  <testcase name="search" time="19.163" classname="grid.Test5"/>
</testsuite> <!-- grid.Test5 -->
