<?xml version="1.0" encoding="UTF-8"?>
<!-- Generated by org.testng.reporters.JUnitReportReporter -->
<testsuite hostname="HW0176" name="grid.Test1" tests="1" failures="0" timestamp="18 Feb 2013 11:06:09 GMT" time="5.983" errors="0">
  <testcase name="method1" time="5.983" classname="grid.Test1"/>
</testsuite> <!-- grid.Test1 -->
