<?xml version="1.0" encoding="UTF-8"?>
<!-- Generated by org.testng.reporters.JUnitReportReporter -->
<testsuite hostname="qedge25" name="grid.Sample" tests="1" failures="0" timestamp="6 Sep 2015 05:23:27 GMT" time="20.672" errors="0">
  <testcase name="testTest6" time="20.672" classname="grid.Sample"/>
</testsuite> <!-- grid.Sample -->
